<?xml version="1.0" encoding="UTF-8" ?>
<testsuites>
<testsuite name="View ::TODO" errors="0" tests="0" failures="0" time="0" timestamp="2013-09-07T14:09:32">
</testsuite>
<testsuite name="View ::TODO.Render the model to the dom" errors="0" tests="3" failures="0" time="0.056" timestamp="2013-09-07T14:09:32">
  <testcase classname="View ::TODO.Render the model to the dom" name="should represent model data in the html dom" time="0.024"></testcase>
  <testcase classname="View ::TODO.Render the model to the dom" name="should toggle model when clciking checkbox" time="0.024"></testcase>
  <testcase classname="View ::TODO.Render the model to the dom" name="on double click go to edit mode" time="0.007"></testcase>
</testsuite>
</testsuites>